[ERROR] - [2017-07-03 10:51:09,509] - [com.ping.infrastructure.twilio.api.TwilioApiTest$TwillioApiTestObj$] Failed sending SMS from +13523584605 to +919671701006 for: Hey How are you ??
com.twilio.exception.ApiException: sun.security.validator.ValidatorException: PKIX path building failed: sun.security.provider.certpath.SunCertPathBuilderException: unable to find valid certification path to requested target
	at com.twilio.http.NetworkHttpClient.makeRequest(NetworkHttpClient.java:111)
	at com.twilio.http.HttpClient.reliableRequest(HttpClient.java:38)
	at com.twilio.http.HttpClient.reliableRequest(HttpClient.java:22)
	at com.twilio.http.TwilioRestClient.request(TwilioRestClient.java:42)
	at com.twilio.rest.api.v2010.account.MessageCreator.create(MessageCreator.java:319)
	at com.twilio.rest.api.v2010.account.MessageCreator.create(MessageCreator.java:25)
	at com.twilio.base.Creator.create(Creator.java:45)
	at com.ping.infrastructure.twillio.api.TwilioApi$class.send(TwilioApi.scala:17)
	at com.ping.infrastructure.twilio.api.TwilioApiTest$TwillioApiTestObj$.send(TwilioApiTest.scala:13)
	at com.ping.infrastructure.twilio.api.TwilioApiTest$$anonfun$1$$anonfun$apply$mcV$sp$1.apply(TwilioApiTest.scala:19)
	at com.ping.infrastructure.twilio.api.TwilioApiTest$$anonfun$1$$anonfun$apply$mcV$sp$1.apply(TwilioApiTest.scala:17)
	at org.scalatest.OutcomeOf$class.outcomeOf(OutcomeOf.scala:85)
	at org.scalatest.OutcomeOf$.outcomeOf(OutcomeOf.scala:104)
	at org.scalatest.Transformer.apply(Transformer.scala:22)
	at org.scalatest.Transformer.apply(Transformer.scala:20)
	at org.scalatest.WordSpecLike$$anon$1.apply(WordSpecLike.scala:1078)
	at org.scalatest.TestSuite$class.withFixture(TestSuite.scala:196)
	at com.ping.infrastructure.twilio.api.TwilioApiTest.withFixture(TwilioApiTest.scala:10)
	at org.scalatest.WordSpecLike$class.invokeWithFixture$1(WordSpecLike.scala:1075)
	at org.scalatest.WordSpecLike$$anonfun$runTest$1.apply(WordSpecLike.scala:1088)
	at org.scalatest.WordSpecLike$$anonfun$runTest$1.apply(WordSpecLike.scala:1088)
	at org.scalatest.SuperEngine.runTestImpl(Engine.scala:289)
	at org.scalatest.WordSpecLike$class.runTest(WordSpecLike.scala:1088)
	at com.ping.infrastructure.twilio.api.TwilioApiTest.runTest(TwilioApiTest.scala:10)
	at org.scalatest.WordSpecLike$$anonfun$runTests$1.apply(WordSpecLike.scala:1147)
	at org.scalatest.WordSpecLike$$anonfun$runTests$1.apply(WordSpecLike.scala:1147)
	at org.scalatest.SuperEngine$$anonfun$traverseSubNodes$1$1.apply(Engine.scala:396)
	at org.scalatest.SuperEngine$$anonfun$traverseSubNodes$1$1.apply(Engine.scala:384)
	at scala.collection.immutable.List.foreach(List.scala:381)
	at org.scalatest.SuperEngine.traverseSubNodes$1(Engine.scala:384)
	at org.scalatest.SuperEngine.org$scalatest$SuperEngine$$runTestsInBranch(Engine.scala:373)
	at org.scalatest.SuperEngine$$anonfun$traverseSubNodes$1$1.apply(Engine.scala:410)
	at org.scalatest.SuperEngine$$anonfun$traverseSubNodes$1$1.apply(Engine.scala:384)
	at scala.collection.immutable.List.foreach(List.scala:381)
	at org.scalatest.SuperEngine.traverseSubNodes$1(Engine.scala:384)
	at org.scalatest.SuperEngine.org$scalatest$SuperEngine$$runTestsInBranch(Engine.scala:379)
	at org.scalatest.SuperEngine.runTestsImpl(Engine.scala:461)
	at org.scalatest.WordSpecLike$class.runTests(WordSpecLike.scala:1147)
	at com.ping.infrastructure.twilio.api.TwilioApiTest.runTests(TwilioApiTest.scala:10)
	at org.scalatest.Suite$class.run(Suite.scala:1147)
	at com.ping.infrastructure.twilio.api.TwilioApiTest.org$scalatest$WordSpecLike$$super$run(TwilioApiTest.scala:10)
	at org.scalatest.WordSpecLike$$anonfun$run$1.apply(WordSpecLike.scala:1192)
	at org.scalatest.WordSpecLike$$anonfun$run$1.apply(WordSpecLike.scala:1192)
	at org.scalatest.SuperEngine.runImpl(Engine.scala:521)
	at org.scalatest.WordSpecLike$class.run(WordSpecLike.scala:1192)
	at com.ping.infrastructure.twilio.api.TwilioApiTest.org$scalatest$BeforeAndAfterAll$$super$run(TwilioApiTest.scala:10)
	at org.scalatest.BeforeAndAfterAll$class.liftedTree1$1(BeforeAndAfterAll.scala:213)
	at org.scalatest.BeforeAndAfterAll$class.run(BeforeAndAfterAll.scala:210)
	at com.ping.infrastructure.twilio.api.TwilioApiTest.run(TwilioApiTest.scala:10)
	at org.scalatest.tools.Framework.org$scalatest$tools$Framework$$runSuite(Framework.scala:314)
	at org.scalatest.tools.Framework$ScalaTestTask.execute(Framework.scala:480)
	at sbt.ForkMain$Run$2.call(ForkMain.java:296)
	at sbt.ForkMain$Run$2.call(ForkMain.java:286)
	at java.util.concurrent.FutureTask.run(FutureTask.java:266)
	at java.util.concurrent.ThreadPoolExecutor.runWorker(ThreadPoolExecutor.java:1142)
	at java.util.concurrent.ThreadPoolExecutor$Worker.run(ThreadPoolExecutor.java:617)
	at java.lang.Thread.run(Thread.java:748)
[ERROR] - [2017-07-03 10:53:40,487] - [com.ping.infrastructure.twilio.api.TwilioApiTest$TwillioApiTestObj$] Failed sending SMS from +13523584605 to +919671701006 for: Hey How are you ??
com.twilio.exception.ApiException: sun.security.validator.ValidatorException: PKIX path building failed: sun.security.provider.certpath.SunCertPathBuilderException: unable to find valid certification path to requested target
	at com.twilio.http.NetworkHttpClient.makeRequest(NetworkHttpClient.java:111)
	at com.twilio.http.HttpClient.reliableRequest(HttpClient.java:38)
	at com.twilio.http.HttpClient.reliableRequest(HttpClient.java:22)
	at com.twilio.http.TwilioRestClient.request(TwilioRestClient.java:42)
	at com.twilio.rest.api.v2010.account.MessageCreator.create(MessageCreator.java:319)
	at com.twilio.rest.api.v2010.account.MessageCreator.create(MessageCreator.java:25)
	at com.twilio.base.Creator.create(Creator.java:45)
	at com.ping.infrastructure.twillio.api.TwilioApi$class.send(TwilioApi.scala:17)
	at com.ping.infrastructure.twilio.api.TwilioApiTest$TwillioApiTestObj$.send(TwilioApiTest.scala:13)
	at com.ping.infrastructure.twilio.api.TwilioApiTest$$anonfun$1$$anonfun$apply$mcV$sp$1.apply(TwilioApiTest.scala:19)
	at com.ping.infrastructure.twilio.api.TwilioApiTest$$anonfun$1$$anonfun$apply$mcV$sp$1.apply(TwilioApiTest.scala:17)
	at org.scalatest.OutcomeOf$class.outcomeOf(OutcomeOf.scala:85)
	at org.scalatest.OutcomeOf$.outcomeOf(OutcomeOf.scala:104)
	at org.scalatest.Transformer.apply(Transformer.scala:22)
	at org.scalatest.Transformer.apply(Transformer.scala:20)
	at org.scalatest.WordSpecLike$$anon$1.apply(WordSpecLike.scala:1078)
	at org.scalatest.TestSuite$class.withFixture(TestSuite.scala:196)
	at com.ping.infrastructure.twilio.api.TwilioApiTest.withFixture(TwilioApiTest.scala:10)
	at org.scalatest.WordSpecLike$class.invokeWithFixture$1(WordSpecLike.scala:1075)
	at org.scalatest.WordSpecLike$$anonfun$runTest$1.apply(WordSpecLike.scala:1088)
	at org.scalatest.WordSpecLike$$anonfun$runTest$1.apply(WordSpecLike.scala:1088)
	at org.scalatest.SuperEngine.runTestImpl(Engine.scala:289)
	at org.scalatest.WordSpecLike$class.runTest(WordSpecLike.scala:1088)
	at com.ping.infrastructure.twilio.api.TwilioApiTest.runTest(TwilioApiTest.scala:10)
	at org.scalatest.WordSpecLike$$anonfun$runTests$1.apply(WordSpecLike.scala:1147)
	at org.scalatest.WordSpecLike$$anonfun$runTests$1.apply(WordSpecLike.scala:1147)
	at org.scalatest.SuperEngine$$anonfun$traverseSubNodes$1$1.apply(Engine.scala:396)
	at org.scalatest.SuperEngine$$anonfun$traverseSubNodes$1$1.apply(Engine.scala:384)
	at scala.collection.immutable.List.foreach(List.scala:381)
	at org.scalatest.SuperEngine.traverseSubNodes$1(Engine.scala:384)
	at org.scalatest.SuperEngine.org$scalatest$SuperEngine$$runTestsInBranch(Engine.scala:373)
	at org.scalatest.SuperEngine$$anonfun$traverseSubNodes$1$1.apply(Engine.scala:410)
	at org.scalatest.SuperEngine$$anonfun$traverseSubNodes$1$1.apply(Engine.scala:384)
	at scala.collection.immutable.List.foreach(List.scala:381)
	at org.scalatest.SuperEngine.traverseSubNodes$1(Engine.scala:384)
	at org.scalatest.SuperEngine.org$scalatest$SuperEngine$$runTestsInBranch(Engine.scala:379)
	at org.scalatest.SuperEngine.runTestsImpl(Engine.scala:461)
	at org.scalatest.WordSpecLike$class.runTests(WordSpecLike.scala:1147)
	at com.ping.infrastructure.twilio.api.TwilioApiTest.runTests(TwilioApiTest.scala:10)
	at org.scalatest.Suite$class.run(Suite.scala:1147)
	at com.ping.infrastructure.twilio.api.TwilioApiTest.org$scalatest$WordSpecLike$$super$run(TwilioApiTest.scala:10)
	at org.scalatest.WordSpecLike$$anonfun$run$1.apply(WordSpecLike.scala:1192)
	at org.scalatest.WordSpecLike$$anonfun$run$1.apply(WordSpecLike.scala:1192)
	at org.scalatest.SuperEngine.runImpl(Engine.scala:521)
	at org.scalatest.WordSpecLike$class.run(WordSpecLike.scala:1192)
	at com.ping.infrastructure.twilio.api.TwilioApiTest.org$scalatest$BeforeAndAfterAll$$super$run(TwilioApiTest.scala:10)
	at org.scalatest.BeforeAndAfterAll$class.liftedTree1$1(BeforeAndAfterAll.scala:213)
	at org.scalatest.BeforeAndAfterAll$class.run(BeforeAndAfterAll.scala:210)
	at com.ping.infrastructure.twilio.api.TwilioApiTest.run(TwilioApiTest.scala:10)
	at org.scalatest.tools.Framework.org$scalatest$tools$Framework$$runSuite(Framework.scala:314)
	at org.scalatest.tools.Framework$ScalaTestTask.execute(Framework.scala:480)
	at sbt.ForkMain$Run$2.call(ForkMain.java:296)
	at sbt.ForkMain$Run$2.call(ForkMain.java:286)
	at java.util.concurrent.FutureTask.run(FutureTask.java:266)
	at java.util.concurrent.ThreadPoolExecutor.runWorker(ThreadPoolExecutor.java:1142)
	at java.util.concurrent.ThreadPoolExecutor$Worker.run(ThreadPoolExecutor.java:617)
	at java.lang.Thread.run(Thread.java:748)
[ERROR] - [2017-07-03 10:54:36,460] - [com.ping.infrastructure.twilio.api.TwilioApiTest$TwillioApiTestObj$] Failed sending SMS from +13523584605 to +919671701006 for: Hey How are you ??
com.twilio.exception.ApiException: sun.security.validator.ValidatorException: PKIX path building failed: sun.security.provider.certpath.SunCertPathBuilderException: unable to find valid certification path to requested target
	at com.twilio.http.NetworkHttpClient.makeRequest(NetworkHttpClient.java:111)
	at com.twilio.http.HttpClient.reliableRequest(HttpClient.java:38)
	at com.twilio.http.HttpClient.reliableRequest(HttpClient.java:22)
	at com.twilio.http.TwilioRestClient.request(TwilioRestClient.java:42)
	at com.twilio.rest.api.v2010.account.MessageCreator.create(MessageCreator.java:319)
	at com.twilio.rest.api.v2010.account.MessageCreator.create(MessageCreator.java:25)
	at com.twilio.base.Creator.create(Creator.java:45)
	at com.ping.infrastructure.twillio.api.TwilioApi$class.send(TwilioApi.scala:17)
	at com.ping.infrastructure.twilio.api.TwilioApiTest$TwillioApiTestObj$.send(TwilioApiTest.scala:13)
	at com.ping.infrastructure.twilio.api.TwilioApiTest$$anonfun$1$$anonfun$apply$mcV$sp$1.apply(TwilioApiTest.scala:19)
	at com.ping.infrastructure.twilio.api.TwilioApiTest$$anonfun$1$$anonfun$apply$mcV$sp$1.apply(TwilioApiTest.scala:17)
	at org.scalatest.OutcomeOf$class.outcomeOf(OutcomeOf.scala:85)
	at org.scalatest.OutcomeOf$.outcomeOf(OutcomeOf.scala:104)
	at org.scalatest.Transformer.apply(Transformer.scala:22)
	at org.scalatest.Transformer.apply(Transformer.scala:20)
	at org.scalatest.WordSpecLike$$anon$1.apply(WordSpecLike.scala:1078)
	at org.scalatest.TestSuite$class.withFixture(TestSuite.scala:196)
	at com.ping.infrastructure.twilio.api.TwilioApiTest.withFixture(TwilioApiTest.scala:10)
	at org.scalatest.WordSpecLike$class.invokeWithFixture$1(WordSpecLike.scala:1075)
	at org.scalatest.WordSpecLike$$anonfun$runTest$1.apply(WordSpecLike.scala:1088)
	at org.scalatest.WordSpecLike$$anonfun$runTest$1.apply(WordSpecLike.scala:1088)
	at org.scalatest.SuperEngine.runTestImpl(Engine.scala:289)
	at org.scalatest.WordSpecLike$class.runTest(WordSpecLike.scala:1088)
	at com.ping.infrastructure.twilio.api.TwilioApiTest.runTest(TwilioApiTest.scala:10)
	at org.scalatest.WordSpecLike$$anonfun$runTests$1.apply(WordSpecLike.scala:1147)
	at org.scalatest.WordSpecLike$$anonfun$runTests$1.apply(WordSpecLike.scala:1147)
	at org.scalatest.SuperEngine$$anonfun$traverseSubNodes$1$1.apply(Engine.scala:396)
	at org.scalatest.SuperEngine$$anonfun$traverseSubNodes$1$1.apply(Engine.scala:384)
	at scala.collection.immutable.List.foreach(List.scala:381)
	at org.scalatest.SuperEngine.traverseSubNodes$1(Engine.scala:384)
	at org.scalatest.SuperEngine.org$scalatest$SuperEngine$$runTestsInBranch(Engine.scala:373)
	at org.scalatest.SuperEngine$$anonfun$traverseSubNodes$1$1.apply(Engine.scala:410)
	at org.scalatest.SuperEngine$$anonfun$traverseSubNodes$1$1.apply(Engine.scala:384)
	at scala.collection.immutable.List.foreach(List.scala:381)
	at org.scalatest.SuperEngine.traverseSubNodes$1(Engine.scala:384)
	at org.scalatest.SuperEngine.org$scalatest$SuperEngine$$runTestsInBranch(Engine.scala:379)
	at org.scalatest.SuperEngine.runTestsImpl(Engine.scala:461)
	at org.scalatest.WordSpecLike$class.runTests(WordSpecLike.scala:1147)
	at com.ping.infrastructure.twilio.api.TwilioApiTest.runTests(TwilioApiTest.scala:10)
	at org.scalatest.Suite$class.run(Suite.scala:1147)
	at com.ping.infrastructure.twilio.api.TwilioApiTest.org$scalatest$WordSpecLike$$super$run(TwilioApiTest.scala:10)
	at org.scalatest.WordSpecLike$$anonfun$run$1.apply(WordSpecLike.scala:1192)
	at org.scalatest.WordSpecLike$$anonfun$run$1.apply(WordSpecLike.scala:1192)
	at org.scalatest.SuperEngine.runImpl(Engine.scala:521)
	at org.scalatest.WordSpecLike$class.run(WordSpecLike.scala:1192)
	at com.ping.infrastructure.twilio.api.TwilioApiTest.org$scalatest$BeforeAndAfterAll$$super$run(TwilioApiTest.scala:10)
	at org.scalatest.BeforeAndAfterAll$class.liftedTree1$1(BeforeAndAfterAll.scala:213)
	at org.scalatest.BeforeAndAfterAll$class.run(BeforeAndAfterAll.scala:210)
	at com.ping.infrastructure.twilio.api.TwilioApiTest.run(TwilioApiTest.scala:10)
	at org.scalatest.tools.Framework.org$scalatest$tools$Framework$$runSuite(Framework.scala:314)
	at org.scalatest.tools.Framework$ScalaTestTask.execute(Framework.scala:480)
	at sbt.ForkMain$Run$2.call(ForkMain.java:296)
	at sbt.ForkMain$Run$2.call(ForkMain.java:286)
	at java.util.concurrent.FutureTask.run(FutureTask.java:266)
	at java.util.concurrent.ThreadPoolExecutor.runWorker(ThreadPoolExecutor.java:1142)
	at java.util.concurrent.ThreadPoolExecutor$Worker.run(ThreadPoolExecutor.java:617)
	at java.lang.Thread.run(Thread.java:748)
[ERROR] - [2017-07-03 10:57:40,201] - [com.ping.infrastructure.twilio.api.TwilioApiTest$TwillioApiTestObj$] Failed sending SMS from +13523584605 to +919671701006 for: Hey How are you ??
com.twilio.exception.ApiException: sun.security.validator.ValidatorException: PKIX path building failed: sun.security.provider.certpath.SunCertPathBuilderException: unable to find valid certification path to requested target
	at com.twilio.http.NetworkHttpClient.makeRequest(NetworkHttpClient.java:111)
	at com.twilio.http.HttpClient.reliableRequest(HttpClient.java:38)
	at com.twilio.http.HttpClient.reliableRequest(HttpClient.java:22)
	at com.twilio.http.TwilioRestClient.request(TwilioRestClient.java:42)
	at com.twilio.rest.api.v2010.account.MessageCreator.create(MessageCreator.java:319)
	at com.twilio.rest.api.v2010.account.MessageCreator.create(MessageCreator.java:25)
	at com.twilio.base.Creator.create(Creator.java:45)
	at com.ping.infrastructure.twillio.api.TwilioApi$class.send(TwilioApi.scala:17)
	at com.ping.infrastructure.twilio.api.TwilioApiTest$TwillioApiTestObj$.send(TwilioApiTest.scala:13)
	at com.ping.infrastructure.twilio.api.TwilioApiTest$$anonfun$1$$anonfun$apply$mcV$sp$1.apply(TwilioApiTest.scala:19)
	at com.ping.infrastructure.twilio.api.TwilioApiTest$$anonfun$1$$anonfun$apply$mcV$sp$1.apply(TwilioApiTest.scala:17)
	at org.scalatest.OutcomeOf$class.outcomeOf(OutcomeOf.scala:85)
	at org.scalatest.OutcomeOf$.outcomeOf(OutcomeOf.scala:104)
	at org.scalatest.Transformer.apply(Transformer.scala:22)
	at org.scalatest.Transformer.apply(Transformer.scala:20)
	at org.scalatest.WordSpecLike$$anon$1.apply(WordSpecLike.scala:1078)
	at org.scalatest.TestSuite$class.withFixture(TestSuite.scala:196)
	at com.ping.infrastructure.twilio.api.TwilioApiTest.withFixture(TwilioApiTest.scala:10)
	at org.scalatest.WordSpecLike$class.invokeWithFixture$1(WordSpecLike.scala:1075)
	at org.scalatest.WordSpecLike$$anonfun$runTest$1.apply(WordSpecLike.scala:1088)
	at org.scalatest.WordSpecLike$$anonfun$runTest$1.apply(WordSpecLike.scala:1088)
	at org.scalatest.SuperEngine.runTestImpl(Engine.scala:289)
	at org.scalatest.WordSpecLike$class.runTest(WordSpecLike.scala:1088)
	at com.ping.infrastructure.twilio.api.TwilioApiTest.runTest(TwilioApiTest.scala:10)
	at org.scalatest.WordSpecLike$$anonfun$runTests$1.apply(WordSpecLike.scala:1147)
	at org.scalatest.WordSpecLike$$anonfun$runTests$1.apply(WordSpecLike.scala:1147)
	at org.scalatest.SuperEngine$$anonfun$traverseSubNodes$1$1.apply(Engine.scala:396)
	at org.scalatest.SuperEngine$$anonfun$traverseSubNodes$1$1.apply(Engine.scala:384)
	at scala.collection.immutable.List.foreach(List.scala:381)
	at org.scalatest.SuperEngine.traverseSubNodes$1(Engine.scala:384)
	at org.scalatest.SuperEngine.org$scalatest$SuperEngine$$runTestsInBranch(Engine.scala:373)
	at org.scalatest.SuperEngine$$anonfun$traverseSubNodes$1$1.apply(Engine.scala:410)
	at org.scalatest.SuperEngine$$anonfun$traverseSubNodes$1$1.apply(Engine.scala:384)
	at scala.collection.immutable.List.foreach(List.scala:381)
	at org.scalatest.SuperEngine.traverseSubNodes$1(Engine.scala:384)
	at org.scalatest.SuperEngine.org$scalatest$SuperEngine$$runTestsInBranch(Engine.scala:379)
	at org.scalatest.SuperEngine.runTestsImpl(Engine.scala:461)
	at org.scalatest.WordSpecLike$class.runTests(WordSpecLike.scala:1147)
	at com.ping.infrastructure.twilio.api.TwilioApiTest.runTests(TwilioApiTest.scala:10)
	at org.scalatest.Suite$class.run(Suite.scala:1147)
	at com.ping.infrastructure.twilio.api.TwilioApiTest.org$scalatest$WordSpecLike$$super$run(TwilioApiTest.scala:10)
	at org.scalatest.WordSpecLike$$anonfun$run$1.apply(WordSpecLike.scala:1192)
	at org.scalatest.WordSpecLike$$anonfun$run$1.apply(WordSpecLike.scala:1192)
	at org.scalatest.SuperEngine.runImpl(Engine.scala:521)
	at org.scalatest.WordSpecLike$class.run(WordSpecLike.scala:1192)
	at com.ping.infrastructure.twilio.api.TwilioApiTest.org$scalatest$BeforeAndAfterAll$$super$run(TwilioApiTest.scala:10)
	at org.scalatest.BeforeAndAfterAll$class.liftedTree1$1(BeforeAndAfterAll.scala:213)
	at org.scalatest.BeforeAndAfterAll$class.run(BeforeAndAfterAll.scala:210)
	at com.ping.infrastructure.twilio.api.TwilioApiTest.run(TwilioApiTest.scala:10)
	at org.scalatest.tools.Framework.org$scalatest$tools$Framework$$runSuite(Framework.scala:314)
	at org.scalatest.tools.Framework$ScalaTestTask.execute(Framework.scala:480)
	at sbt.ForkMain$Run$2.call(ForkMain.java:296)
	at sbt.ForkMain$Run$2.call(ForkMain.java:286)
	at java.util.concurrent.FutureTask.run(FutureTask.java:266)
	at java.util.concurrent.ThreadPoolExecutor.runWorker(ThreadPoolExecutor.java:1142)
	at java.util.concurrent.ThreadPoolExecutor$Worker.run(ThreadPoolExecutor.java:617)
	at java.lang.Thread.run(Thread.java:748)
[ERROR] - [2017-07-03 11:00:05,122] - [com.ping.infrastructure.twilio.api.TwilioApiTest$TwillioApiTestObj$] Failed sending SMS from +13523584605 to +919671701006 for: Hey How are you ??
com.twilio.exception.ApiException: Connect to api.twilio.com:443 [api.twilio.com/192.168.1.1] failed: connect timed out
	at com.twilio.http.NetworkHttpClient.makeRequest(NetworkHttpClient.java:111)
	at com.twilio.http.HttpClient.reliableRequest(HttpClient.java:38)
	at com.twilio.http.HttpClient.reliableRequest(HttpClient.java:22)
	at com.twilio.http.TwilioRestClient.request(TwilioRestClient.java:42)
	at com.twilio.rest.api.v2010.account.MessageCreator.create(MessageCreator.java:319)
	at com.twilio.rest.api.v2010.account.MessageCreator.create(MessageCreator.java:25)
	at com.twilio.base.Creator.create(Creator.java:45)
	at com.ping.infrastructure.twillio.api.TwilioApi$class.send(TwilioApi.scala:17)
	at com.ping.infrastructure.twilio.api.TwilioApiTest$TwillioApiTestObj$.send(TwilioApiTest.scala:13)
	at com.ping.infrastructure.twilio.api.TwilioApiTest$$anonfun$1$$anonfun$apply$mcV$sp$1.apply(TwilioApiTest.scala:19)
	at com.ping.infrastructure.twilio.api.TwilioApiTest$$anonfun$1$$anonfun$apply$mcV$sp$1.apply(TwilioApiTest.scala:17)
	at org.scalatest.OutcomeOf$class.outcomeOf(OutcomeOf.scala:85)
	at org.scalatest.OutcomeOf$.outcomeOf(OutcomeOf.scala:104)
	at org.scalatest.Transformer.apply(Transformer.scala:22)
	at org.scalatest.Transformer.apply(Transformer.scala:20)
	at org.scalatest.WordSpecLike$$anon$1.apply(WordSpecLike.scala:1078)
	at org.scalatest.TestSuite$class.withFixture(TestSuite.scala:196)
	at com.ping.infrastructure.twilio.api.TwilioApiTest.withFixture(TwilioApiTest.scala:10)
	at org.scalatest.WordSpecLike$class.invokeWithFixture$1(WordSpecLike.scala:1075)
	at org.scalatest.WordSpecLike$$anonfun$runTest$1.apply(WordSpecLike.scala:1088)
	at org.scalatest.WordSpecLike$$anonfun$runTest$1.apply(WordSpecLike.scala:1088)
	at org.scalatest.SuperEngine.runTestImpl(Engine.scala:289)
	at org.scalatest.WordSpecLike$class.runTest(WordSpecLike.scala:1088)
	at com.ping.infrastructure.twilio.api.TwilioApiTest.runTest(TwilioApiTest.scala:10)
	at org.scalatest.WordSpecLike$$anonfun$runTests$1.apply(WordSpecLike.scala:1147)
	at org.scalatest.WordSpecLike$$anonfun$runTests$1.apply(WordSpecLike.scala:1147)
	at org.scalatest.SuperEngine$$anonfun$traverseSubNodes$1$1.apply(Engine.scala:396)
	at org.scalatest.SuperEngine$$anonfun$traverseSubNodes$1$1.apply(Engine.scala:384)
	at scala.collection.immutable.List.foreach(List.scala:381)
	at org.scalatest.SuperEngine.traverseSubNodes$1(Engine.scala:384)
	at org.scalatest.SuperEngine.org$scalatest$SuperEngine$$runTestsInBranch(Engine.scala:373)
	at org.scalatest.SuperEngine$$anonfun$traverseSubNodes$1$1.apply(Engine.scala:410)
	at org.scalatest.SuperEngine$$anonfun$traverseSubNodes$1$1.apply(Engine.scala:384)
	at scala.collection.immutable.List.foreach(List.scala:381)
	at org.scalatest.SuperEngine.traverseSubNodes$1(Engine.scala:384)
	at org.scalatest.SuperEngine.org$scalatest$SuperEngine$$runTestsInBranch(Engine.scala:379)
	at org.scalatest.SuperEngine.runTestsImpl(Engine.scala:461)
	at org.scalatest.WordSpecLike$class.runTests(WordSpecLike.scala:1147)
	at com.ping.infrastructure.twilio.api.TwilioApiTest.runTests(TwilioApiTest.scala:10)
	at org.scalatest.Suite$class.run(Suite.scala:1147)
	at com.ping.infrastructure.twilio.api.TwilioApiTest.org$scalatest$WordSpecLike$$super$run(TwilioApiTest.scala:10)
	at org.scalatest.WordSpecLike$$anonfun$run$1.apply(WordSpecLike.scala:1192)
	at org.scalatest.WordSpecLike$$anonfun$run$1.apply(WordSpecLike.scala:1192)
	at org.scalatest.SuperEngine.runImpl(Engine.scala:521)
	at org.scalatest.WordSpecLike$class.run(WordSpecLike.scala:1192)
	at com.ping.infrastructure.twilio.api.TwilioApiTest.org$scalatest$BeforeAndAfterAll$$super$run(TwilioApiTest.scala:10)
	at org.scalatest.BeforeAndAfterAll$class.liftedTree1$1(BeforeAndAfterAll.scala:213)
	at org.scalatest.BeforeAndAfterAll$class.run(BeforeAndAfterAll.scala:210)
	at com.ping.infrastructure.twilio.api.TwilioApiTest.run(TwilioApiTest.scala:10)
	at org.scalatest.tools.Framework.org$scalatest$tools$Framework$$runSuite(Framework.scala:314)
	at org.scalatest.tools.Framework$ScalaTestTask.execute(Framework.scala:480)
	at sbt.ForkMain$Run$2.call(ForkMain.java:296)
	at sbt.ForkMain$Run$2.call(ForkMain.java:286)
	at java.util.concurrent.FutureTask.run(FutureTask.java:266)
	at java.util.concurrent.ThreadPoolExecutor.runWorker(ThreadPoolExecutor.java:1142)
	at java.util.concurrent.ThreadPoolExecutor$Worker.run(ThreadPoolExecutor.java:617)
	at java.lang.Thread.run(Thread.java:748)
